<?xml version="1.0" encoding="UTF-8"?>
<testsuite name="hello.springintroduction.SpringIntroductionApplicationTests" tests="1" skipped="0" failures="0" errors="0" timestamp="2022-10-26T09:15:32" hostname="isoyeon-ui-MacBookPro.local" time="0.336">
  <properties/>
  <testcase name="contextLoads()" classname="hello.springintroduction.SpringIntroductionApplicationTests" time="0.336"/>
  <system-out><![CDATA[18:15:29.490 [Test worker] DEBUG org.springframework.test.context.BootstrapUtils - Instantiating CacheAwareContextLoaderDelegate from class [org.springframework.test.context.cache.DefaultCacheAwareContextLoaderDelegate]
18:15:29.499 [Test worker] DEBUG org.springframework.test.context.BootstrapUtils - Instantiating BootstrapContext using constructor [public org.springframework.test.context.support.DefaultBootstrapContext(java.lang.Class,org.springframework.test.context.CacheAwareContextLoaderDelegate)]
18:15:29.549 [Test worker] DEBUG org.springframework.test.context.BootstrapUtils - Instantiating TestContextBootstrapper for test class [hello.springintroduction.SpringIntroductionApplicationTests] from class [org.springframework.boot.test.context.SpringBootTestContextBootstrapper]
18:15:29.564 [Test worker] INFO org.springframework.boot.test.context.SpringBootTestContextBootstrapper - Neither @ContextConfiguration nor @ContextHierarchy found for test class [hello.springintroduction.SpringIntroductionApplicationTests], using SpringBootContextLoader
18:15:29.569 [Test worker] DEBUG org.springframework.test.context.support.AbstractContextLoader - Did not detect default resource location for test class [hello.springintroduction.SpringIntroductionApplicationTests]: class path resource [hello/springintroduction/SpringIntroductionApplicationTests-context.xml] does not exist
18:15:29.570 [Test worker] DEBUG org.springframework.test.context.support.AbstractContextLoader - Did not detect default resource location for test class [hello.springintroduction.SpringIntroductionApplicationTests]: class path resource [hello/springintroduction/SpringIntroductionApplicationTestsContext.groovy] does not exist
18:15:29.570 [Test worker] INFO org.springframework.test.context.support.AbstractContextLoader - Could not detect default resource locations for test class [hello.springintroduction.SpringIntroductionApplicationTests]: no resource found for suffixes {-context.xml, Context.groovy}.
18:15:29.571 [Test worker] INFO org.springframework.test.context.support.AnnotationConfigContextLoaderUtils - Could not detect default configuration classes for test class [hello.springintroduction.SpringIntroductionApplicationTests]: SpringIntroductionApplicationTests does not declare any static, non-private, non-final, nested classes annotated with @Configuration.
18:15:29.665 [Test worker] DEBUG org.springframework.test.context.support.ActiveProfilesUtils - Could not find an 'annotation declaring class' for annotation type [org.springframework.test.context.ActiveProfiles] and class [hello.springintroduction.SpringIntroductionApplicationTests]
18:15:29.732 [Test worker] DEBUG org.springframework.context.annotation.ClassPathScanningCandidateComponentProvider - Identified candidate component class: file [/Users/sonyl/Documents/GitHub/spring-introduction/build/classes/java/main/hello/springintroduction/SpringIntroductionApplication.class]
18:15:29.734 [Test worker] INFO org.springframework.boot.test.context.SpringBootTestContextBootstrapper - Found @SpringBootConfiguration hello.springintroduction.SpringIntroductionApplication for test class hello.springintroduction.SpringIntroductionApplicationTests
18:15:29.839 [Test worker] DEBUG org.springframework.boot.test.context.SpringBootTestContextBootstrapper - @TestExecutionListeners is not present for class [hello.springintroduction.SpringIntroductionApplicationTests]: using defaults.
18:15:29.839 [Test worker] INFO org.springframework.boot.test.context.SpringBootTestContextBootstrapper - Loaded default TestExecutionListener class names from location [META-INF/spring.factories]: [org.springframework.boot.test.autoconfigure.restdocs.RestDocsTestExecutionListener, org.springframework.boot.test.autoconfigure.web.client.MockRestServiceServerResetTestExecutionListener, org.springframework.boot.test.autoconfigure.web.servlet.MockMvcPrintOnlyOnFailureTestExecutionListener, org.springframework.boot.test.autoconfigure.web.servlet.WebDriverTestExecutionListener, org.springframework.boot.test.autoconfigure.webservices.client.MockWebServiceServerTestExecutionListener, org.springframework.boot.test.mock.mockito.MockitoTestExecutionListener, org.springframework.boot.test.mock.mockito.ResetMocksTestExecutionListener, org.springframework.test.context.web.ServletTestExecutionListener, org.springframework.test.context.support.DirtiesContextBeforeModesTestExecutionListener, org.springframework.test.context.event.ApplicationEventsTestExecutionListener, org.springframework.test.context.support.DependencyInjectionTestExecutionListener, org.springframework.test.context.support.DirtiesContextTestExecutionListener, org.springframework.test.context.transaction.TransactionalTestExecutionListener, org.springframework.test.context.jdbc.SqlScriptsTestExecutionListener, org.springframework.test.context.event.EventPublishingTestExecutionListener]
18:15:29.851 [Test worker] DEBUG org.springframework.boot.test.context.SpringBootTestContextBootstrapper - Skipping candidate TestExecutionListener [org.springframework.test.context.transaction.TransactionalTestExecutionListener] due to a missing dependency. Specify custom listener classes or make the default listener classes and their required dependencies available. Offending class: [org/springframework/transaction/TransactionDefinition]
18:15:29.851 [Test worker] DEBUG org.springframework.boot.test.context.SpringBootTestContextBootstrapper - Skipping candidate TestExecutionListener [org.springframework.test.context.jdbc.SqlScriptsTestExecutionListener] due to a missing dependency. Specify custom listener classes or make the default listener classes and their required dependencies available. Offending class: [org/springframework/transaction/interceptor/TransactionAttribute]
18:15:29.852 [Test worker] INFO org.springframework.boot.test.context.SpringBootTestContextBootstrapper - Using TestExecutionListeners: [org.springframework.test.context.web.ServletTestExecutionListener@5a021cb9, org.springframework.test.context.support.DirtiesContextBeforeModesTestExecutionListener@51768776, org.springframework.test.context.event.ApplicationEventsTestExecutionListener@f31c0c6, org.springframework.boot.test.mock.mockito.MockitoTestExecutionListener@b93aad, org.springframework.boot.test.autoconfigure.SpringBootDependencyInjectionTestExecutionListener@4a9419d7, org.springframework.test.context.support.DirtiesContextTestExecutionListener@2f3c6ac4, org.springframework.test.context.event.EventPublishingTestExecutionListener@2e8ab815, org.springframework.boot.test.autoconfigure.restdocs.RestDocsTestExecutionListener@67af833b, org.springframework.boot.test.autoconfigure.web.client.MockRestServiceServerResetTestExecutionListener@d1f74b8, org.springframework.boot.test.autoconfigure.web.servlet.MockMvcPrintOnlyOnFailureTestExecutionListener@41394595, org.springframework.boot.test.autoconfigure.web.servlet.WebDriverTestExecutionListener@3a0807b7, org.springframework.boot.test.autoconfigure.webservices.client.MockWebServiceServerTestExecutionListener@21a5fd96, org.springframework.boot.test.mock.mockito.ResetMocksTestExecutionListener@5769e7ae]
18:15:29.855 [Test worker] DEBUG org.springframework.test.context.support.AbstractDirtiesContextTestExecutionListener - Before test class: context [DefaultTestContext@4fbdc0f0 testClass = SpringIntroductionApplicationTests, testInstance = [null], testMethod = [null], testException = [null], mergedContextConfiguration = [WebMergedContextConfiguration@2ad3a1bb testClass = SpringIntroductionApplicationTests, locations = '{}', classes = '{class hello.springintroduction.SpringIntroductionApplication}', contextInitializerClasses = '[]', activeProfiles = '{}', propertySourceLocations = '{}', propertySourceProperties = '{org.springframework.boot.test.context.SpringBootTestContextBootstrapper=true}', contextCustomizers = set[org.springframework.boot.test.autoconfigure.actuate.metrics.MetricsExportContextCustomizerFactory$DisableMetricExportContextCustomizer@4e858e0a, org.springframework.boot.test.autoconfigure.properties.PropertyMappingContextCustomizer@0, org.springframework.boot.test.autoconfigure.web.servlet.WebDriverContextCustomizerFactory$Customizer@793138bd, org.springframework.boot.test.context.filter.ExcludeFilterContextCustomizer@57ac5227, org.springframework.boot.test.json.DuplicateJsonObjectContextCustomizerFactory$DuplicateJsonObjectContextCustomizer@7c098bb3, org.springframework.boot.test.mock.mockito.MockitoContextCustomizer@0, org.springframework.boot.test.web.client.TestRestTemplateContextCustomizer@40f70521, org.springframework.boot.test.context.SpringBootTestArgs@1, org.springframework.boot.test.context.SpringBootTestWebEnvironment@29f7cefd], resourceBasePath = 'src/main/webapp', contextLoader = 'org.springframework.boot.test.context.SpringBootContextLoader', parent = [null]], attributes = map['org.springframework.test.context.web.ServletTestExecutionListener.activateListener' -> true]], class annotated with @DirtiesContext [false] with mode [null].

  .   ____          _            __ _ _
 /\\ / ___'_ __ _ _(_)_ __  __ _ \ \ \ \
( ( )\___ | '_ | '_| | '_ \/ _` | \ \ \ \
 \\/  ___)| |_)| | | | | || (_| |  ) ) ) )
  '  |____| .__|_| |_|_| |_\__, | / / / /
 =========|_|==============|___/=/_/_/_/
 :: Spring Boot ::                (v2.7.5)

2022-10-26 18:15:30.397  INFO 59821 --- [    Test worker] h.s.SpringIntroductionApplicationTests   : Starting SpringIntroductionApplicationTests using Java 11.0.13 on isoyeon-ui-MacBookPro.local with PID 59821 (started by sonyl in /Users/sonyl/Documents/GitHub/spring-introduction)
2022-10-26 18:15:30.399  INFO 59821 --- [    Test worker] h.s.SpringIntroductionApplicationTests   : No active profile set, falling back to 1 default profile: "default"
2022-10-26 18:15:32.541  INFO 59821 --- [    Test worker] o.s.b.a.w.s.WelcomePageHandlerMapping    : Adding welcome page: class path resource [static/index.html]
2022-10-26 18:15:32.939  INFO 59821 --- [    Test worker] h.s.SpringIntroductionApplicationTests   : Started SpringIntroductionApplicationTests in 2.99 seconds (JVM running for 4.602)
]]></system-out>
  <system-err><![CDATA[]]></system-err>
</testsuite>
